INSERTADO luis:jurado:romero:45385474G: el 04/11/2024 a las 19:46
BORRADO  el 04/11/2024 a las 19:46
INSERTADO Luis:Jurado:Romero:12345678H:ljurrom78h el 04/11/2024 a las 19:53
BORRADO ljurrom78h el 04/11/2024 a las 19:53
BORRADO ljurrom78h el 04/11/2024 a las 19:55
INSERTADO pepe:suarez:perez:47328423L:psuaper23l el 06/11/2024 a las 15:11
BORRADO psuaper23l el 06/11/2024 a las 15:12
BORRADO psuaper23l el 06/11/2024 a las 15:20
BORRADO psuaper23l el 06/11/2024 a las 15:23
BORRADO psuaper23l el 06/11/2024 a las 15:26
INSERTADO Pablo:Motos:BMW:45634523P:pmotbmw23p el 06/11/2024 a las 15:37
BORRADO pmotbmw23p el 06/11/2024 a las 15:39
INSERTADO Luis:Jurado:Romero:43472823T:ljurrom23t el 06/11/2024 a las 15:48
El usuario admin ha iniciado sesion el 06/11/2024 a las 16:12
Lista de usuarios mostrada el 06/11/2024 a las 16:12
Archivo log.log abierto el 06/11/2024 a las 16:12
Copia de seguridad realizada el 06/11/2024 a las 16:12
Archivo log.log abierto el 06/11/2024 a las 16:12
El usuario admin ha iniciado sesion el 06/11/2024 a las 16:15
El usuario admin ha iniciado sesion el 06/11/2024 a las 16:47
Lista de usuarios mostrada el 06/11/2024 a las 16:47
El usuario ljurrom23t ha iniciado sesion el 06/11/2024 a las 16:48
Archivo log.log abierto el 06/11/2024 a las 16:48
El usuario admin ha iniciado sesion el 06/11/2024 a las 16:57
INSERTADO Ana:Gonzalez:Sierra:57393723R:agonsie23r el 06/11/2024 a las 16:58
Lista de usuarios mostrada el 06/11/2024 a las 16:58
BORRADO ljurrom23t el 06/11/2024 a las 16:58
El usuario ljurrom78h ha iniciado sesion el 06/11/2024 a las 16:59
Lista de usuarios mostrada el 06/11/2024 a las 16:59
Archivo log.log abierto el 06/11/2024 a las 16:59
